<?xml version="1.0" encoding="UTF-8"?>
<!-- Generated by org.testng.reporters.JUnitXMLReporter -->
<testsuite ignored="0" hostname="DESKTOP-NIPIA02" failures="0" tests="6" name="Chrome_Test" time="321.81" errors="0" timestamp="2025-10-18T14:04:38 IST">
  <testcase classname="vtigerCRMScenarios.CreateOrganizationModule_Test" name="CreateOrgWithIndAndType_Test" time="88.694"/>
  <testcase classname="vtigerCRMScenarios.CreateOrganizationModule_Test" name="Organization_Test" time="39.538"/>
  <testcase classname="vtigerCRMScenarios.CreateOrganizationModule_Test" name="OrgannizationWithPhonenumber_Test" time="40.869"/>
  <testcase classname="vtigerCRMScenarios.CreateContactModule_Test" name="ContactWithSupportDate_Test" time="47.827"/>
  <testcase classname="vtigerCRMScenarios.CreateContactModule_Test" name="CreateCont_Test" time="44.744"/>
  <testcase classname="vtigerCRMScenarios.CreateContactModule_Test" name="CreateContactWithOrg_Test" time="60.007"/>
</testsuite> <!-- Chrome_Test -->
