<?xml version="1.0" encoding="UTF-8"?>
<!-- Generated by org.testng.reporters.JUnitXMLReporter -->
<testsuite ignored="0" hostname="DESKTOP-NIPIA02" failures="0" tests="6" name="Eadg_Test" time="318.928" errors="0" timestamp="2025-10-18T14:04:35 IST">
  <testcase classname="vtigerCRMScenarios.CreateOrganizationModule_Test" name="CreateOrgWithIndAndType_Test" time="88.446"/>
  <testcase classname="vtigerCRMScenarios.CreateOrganizationModule_Test" name="Organization_Test" time="36.76"/>
  <testcase classname="vtigerCRMScenarios.CreateOrganizationModule_Test" name="OrgannizationWithPhonenumber_Test" time="40.818"/>
  <testcase classname="vtigerCRMScenarios.CreateContactModule_Test" name="ContactWithSupportDate_Test" time="46.869"/>
  <testcase classname="vtigerCRMScenarios.CreateContactModule_Test" name="CreateCont_Test" time="42.993"/>
  <testcase classname="vtigerCRMScenarios.CreateContactModule_Test" name="CreateContactWithOrg_Test" time="62.905"/>
</testsuite> <!-- Eadg_Test -->
