<?xml version="1.0" encoding="UTF-8"?>
<!-- Generated by org.testng.reporters.JUnitXMLReporter -->
<testsuite ignored="0" hostname="DESKTOP-NIPIA02" failures="0" tests="3" name="TestOrg" time="89.675" errors="0" timestamp="2025-10-17T17:41:15 IST">
  <testcase classname="vtigerCRMScenarios.CreateOrganizationModule_Test" name="CreateOrgWithIndAndType_Test" time="32.683"/>
  <testcase classname="vtigerCRMScenarios.CreateOrganizationModule_Test" name="Organization_Test" time="27.556"/>
  <testcase classname="vtigerCRMScenarios.CreateOrganizationModule_Test" name="OrgannizationWithPhonenumber_Test" time="29.35"/>
</testsuite> <!-- TestOrg -->
