<?xml version="1.0" encoding="UTF-8"?>
<!-- Generated by org.testng.reporters.JUnitXMLReporter -->
<testsuite ignored="4" hostname="DESKTOP-NIPIA02" failures="1" tests="6" name="Test" time="159.699" errors="0" timestamp="2025-10-31T16:47:58 IST">
  <testcase classname="vtigerCRMScenarios.CreateOrganizationModule_Test" name="CreateOrgWithIndAndType_Test" time="15.001"/>
  <testcase classname="vtigerCRMScenarios.CreateOrganizationModule_Test" name="Organization_Test" time="14.375"/>
  <testcase classname="vtigerCRMScenarios.CreateOrganizationModule_Test" name="OrgannizationWithPhonenumber_Test" time="14.473"/>
  <testcase classname="vtigerCRMScenarios.CreateContactModule_Test" name="ContactWithSupportDate_Test" time="25.786">
    <failure type="java.lang.AssertionError" message="null">
      <![CDATA[java.lang.AssertionError: null
at vtigerCRMScenarios.CreateContactModule_Test.ContactWithSupportDate_Test(CreateContactModule_Test.java:317)
at java.base/java.util.ArrayList.forEach(ArrayList.java:1596)
... Removed 27 stack frames]]>
    </failure>
  </testcase> <!-- ContactWithSupportDate_Test -->
  <testcase classname="vtigerCRMScenarios.CreateContactModule_Test" name="CreateCont_Test" time="19.423"/>
  <testcase classname="vtigerCRMScenarios.CreateContactModule_Test" name="CreateContactWithOrg_Test" time="28.966"/>
  <testcase classname="BaseclassUtility.BaseClass" name="@BeforeTest conParallelExe" time="0.0">
    <ignored/>
  </testcase> <!-- @BeforeTest conParallelExe -->
  <testcase classname="BaseclassUtility.BaseClass" name="@AfterTest closeparallelExecution" time="0.0">
    <ignored/>
  </testcase> <!-- @AfterTest closeparallelExecution -->
  <testcase classname="BaseclassUtility.BaseClass" name="@BeforeSuite ConnectToDB" time="0.0">
    <ignored/>
  </testcase> <!-- @BeforeSuite ConnectToDB -->
  <testcase classname="BaseclassUtility.BaseClass" name="@AfterSuite DisconnectWithTheDB" time="0.0">
    <ignored/>
  </testcase> <!-- @AfterSuite DisconnectWithTheDB -->
</testsuite> <!-- Test -->
