<?xml version="1.0" encoding="UTF-8"?>
<!-- Generated by org.testng.reporters.JUnitXMLReporter -->
<testsuite ignored="0" hostname="DESKTOP-NIPIA02" failures="0" tests="3" name="TestCon" time="122.917" errors="0" timestamp="2025-10-17T17:41:48 IST">
  <testcase classname="vtigerCRMScenarios.CreateContactModule_Test" name="ContactWithSupportDate_Test" time="44.634"/>
  <testcase classname="vtigerCRMScenarios.CreateContactModule_Test" name="CreateCont_Test" time="37.043"/>
  <testcase classname="vtigerCRMScenarios.CreateContactModule_Test" name="CreateContactWithOrg_Test" time="41.164"/>
</testsuite> <!-- TestCon -->
