<?xml version="1.0" encoding="UTF-8"?>
<!-- Generated by org.testng.reporters.JUnitReportReporter -->
<testsuite hostname="DESKTOP-NIPIA02" failures="0" tests="3" name="vtigerCRMScenarios.CreateOrganizationModule_Test" time="63.810" errors="0" timestamp="2025-10-31T16:47:58 IST" skipped="0">
  <testcase classname="vtigerCRMScenarios.CreateOrganizationModule_Test" name="CreateOrgWithIndAndType_Test" time="21.305">
    <system-out>
      <![CDATA[CreateOrgWithIndAndType_TestTest Execution  started
CreateOrgWithIndAndType_TestTest Execution  success]]>
    </system-out>
  </testcase> <!-- CreateOrgWithIndAndType_Test -->
  <testcase classname="vtigerCRMScenarios.CreateOrganizationModule_Test" name="Organization_Test" time="20.579">
    <system-out>
      <![CDATA[Organization_TestTest Execution  started
Organization_TestTest Execution  success]]>
    </system-out>
  </testcase> <!-- Organization_Test -->
  <testcase classname="vtigerCRMScenarios.CreateOrganizationModule_Test" name="OrgannizationWithPhonenumber_Test" time="21.926">
    <system-out>
      <![CDATA[OrgannizationWithPhonenumber_TestTest Execution  started
OrgannizationWithPhonenumber_TestTest Execution  success]]>
    </system-out>
  </testcase> <!-- OrgannizationWithPhonenumber_Test -->
  <system-out>
    <![CDATA[Report configuration
Connected to Database
Configuration of parallel exe
Launching the browser
Login to the application
CreateOrgWithIndAndType_TestTest Execution  started
CreateOrgWithIndAndType_TestTest Execution  success
Logout from the  application
Login to the application
Organization_TestTest Execution  started
Organization_TestTest Execution  success
Logout from the  application
Login to the application
OrgannizationWithPhonenumber_TestTest Execution  started
OrgannizationWithPhonenumber_TestTest Execution  success
Logout from the  application
Closing the browser
Launching the browser
Login to the application
ContactWithSupportDate_TestTest Execution  started
ContactWithSupportDate_TestTest Execution  failed
Logout from the  application
Login to the application
CreateCont_TestTest Execution  started
CreateCont_TestTest Execution  success
Logout from the  application
Login to the application
CreateContactWithOrg_TestTest Execution  started
CreateContactWithOrg_TestTest Execution  success
Logout from the  application
Closing the browser
close the parallel Execution
Closed database connection]]>
  </system-out>
</testsuite> <!-- vtigerCRMScenarios.CreateOrganizationModule_Test -->
