<?xml version="1.0" encoding="UTF-8"?>
<!-- Generated by org.testng.reporters.JUnitReportReporter -->
<testsuite hostname="DESKTOP-NIPIA02" failures="0" tests="1" name="vtigerCRMScenarios.CreateOrganizationWithPhonenumber_Test" time="32.023" errors="0" timestamp="2025-10-26T15:44:19 IST" skipped="0">
  <testcase classname="vtigerCRMScenarios.CreateOrganizationWithPhonenumber_Test" name="OrgannizationWithPhonenumber_Test" time="32.023"/>
  <system-out>
    <![CDATA[Configuration of parallel exe
close the parallel Execution]]>
  </system-out>
</testsuite> <!-- vtigerCRMScenarios.CreateOrganizationWithPhonenumber_Test -->
