<?xml version="1.0" encoding="UTF-8"?>
<!-- Generated by org.testng.reporters.JUnitReportReporter -->
<testsuite hostname="DESKTOP-NIPIA02" failures="0" tests="1" name="vtigerCRMScenarios.CreateOrganizationWithIndustryAndType_Test" time="27.099" errors="0" timestamp="2025-10-17T16:45:11 IST" skipped="0">
  <testcase classname="vtigerCRMScenarios.CreateOrganizationWithIndustryAndType_Test" name="CreateOrgWithIndAndType_Test" time="27.099"/>
</testsuite> <!-- vtigerCRMScenarios.CreateOrganizationWithIndustryAndType_Test -->
