<?xml version="1.0" encoding="UTF-8"?>
<!-- Generated by org.testng.reporters.JUnitReportReporter -->
<testsuite hostname="DESKTOP-NIPIA02" failures="0" tests="1" name="vtigerCRMScenarios.CreateContactWithOrganization_Test" time="37.425" errors="0" timestamp="2025-10-25T16:31:05 IST" skipped="0">
  <testcase classname="vtigerCRMScenarios.CreateContactWithOrganization_Test" name="CreateContactWithOrg_Test" time="37.425"/>
  <system-out>
    <![CDATA[Configuration of parallel exe
close the parallel Execution]]>
  </system-out>
</testsuite> <!-- vtigerCRMScenarios.CreateContactWithOrganization_Test -->
